<?xml version="1.0" encoding="UTF-8"?>
<!-- Generated by org.testng.reporters.JUnitXMLReporter -->
<testsuite hostname="Windows81" name="Command line test" tests="4" failures="0" timestamp="19 Sep 2020 02:44:17 GMT" time="12.866" errors="0">
  <testcase name="checkBulkPost" time="8.226" classname="com.api.testscripts.AddBulkDataTest"/>
  <testcase name="checkNewData" time="0.134" classname="com.api.testscripts.CreateaNewDataTest"/>
  <testcase name="getAllCountry" time="3.083" classname="com.api.testscripts.FetchAllCountriesTest"/>
  <testcase name="getAllPosts" time="1.39" classname="com.api.testscripts.FetchAllPostsTest"/>
</testsuite> <!-- Command line test -->
