<?xml version="1.0" encoding="UTF-8"?>
<testng-results skipped="0" failed="0" total="1" passed="1">
  <reporter-output>
  </reporter-output>
  <suite name="Default suite" duration-ms="10196" started-at="2020-09-13T03:56:31Z" finished-at="2020-09-13T03:56:41Z">
    <groups>
    </groups>
    <test name="Default test" duration-ms="10196" started-at="2020-09-13T03:56:31Z" finished-at="2020-09-13T03:56:41Z">
      <class name="com.api.testscripts.FetchAllCountriesTest">
        <test-method status="PASS" signature="configBS()[pri:0, instance:com.api.testscripts.FetchAllCountriesTest@4b6995df]" name="configBS" is-config="true" duration-ms="1281" started-at="2020-09-13T09:26:30Z" finished-at="2020-09-13T09:26:31Z">
          <reporter-output>
          </reporter-output>
        </test-method> <!-- configBS -->
        <test-method status="PASS" signature="getAllCountry()[pri:0, instance:com.api.testscripts.FetchAllCountriesTest@4b6995df]" name="getAllCountry" duration-ms="10116" started-at="2020-09-13T09:26:31Z" finished-at="2020-09-13T09:26:41Z">
          <reporter-output>
          </reporter-output>
        </test-method> <!-- getAllCountry -->
      </class> <!-- com.api.testscripts.FetchAllCountriesTest -->
    </test> <!-- Default test -->
  </suite> <!-- Default suite -->
</testng-results>
